<?xml version="1.0" encoding="UTF-8"?>
<!-- Generated by org.testng.reporters.JUnitReportReporter -->
<testsuite skipped="0" hostname="INLH104910" name="com.pom1.testcases.Testcase1" tests="1" failures="0" timestamp="22 Jun 2020 08:08:32 GMT" time="31.387" errors="0">
  <testcase name="tc1" time="31.387" classname="com.pom1.testcases.Testcase1"/>
</testsuite> <!-- com.pom1.testcases.Testcase1 -->
